[0.440s] DEBUG:colcon:Command line arguments: ['/usr/bin/colcon', 'build']
[0.441s] DEBUG:colcon:Parsed command line arguments: Namespace(log_base=None, log_level=None, verb_name='build', build_base='build', install_base='install', merge_install=False, symlink_install=False, test_result_base=None, continue_on_error=False, executor='parallel', parallel_workers=16, event_handlers=None, ignore_user_meta=False, metas=['./colcon.meta'], base_paths=['.'], packages_ignore=None, packages_ignore_regex=None, paths=None, packages_up_to=None, packages_up_to_regex=None, packages_above=None, packages_above_and_dependencies=None, packages_above_depth=None, packages_select_by_dep=None, packages_skip_by_dep=None, packages_skip_up_to=None, packages_select_build_failed=False, packages_skip_build_finished=False, packages_select_test_failures=False, packages_skip_test_passed=False, packages_select=None, packages_skip=None, packages_select_regex=None, packages_skip_regex=None, packages_start=None, packages_end=None, allow_overriding=[], cmake_args=None, cmake_target=None, cmake_target_skip_unavailable=False, cmake_clean_cache=False, cmake_clean_first=False, cmake_force_configure=False, ament_cmake_args=None, catkin_cmake_args=None, catkin_skip_building_tests=False, verb_parser=<colcon_defaults.argument_parser.defaults.DefaultArgumentsDecorator object at 0x7f23edebaaa0>, verb_extension=<colcon_core.verb.build.BuildVerb object at 0x7f23ee83f250>, main=<bound method BuildVerb.main of <colcon_core.verb.build.BuildVerb object at 0x7f23ee83f250>>)
[0.457s] Level 1:colcon.colcon_core.package_discovery:discover_packages(colcon_meta) check parameters
[0.457s] Level 1:colcon.colcon_core.package_discovery:discover_packages(recursive) check parameters
[0.457s] Level 1:colcon.colcon_core.package_discovery:discover_packages(ignore) check parameters
[0.457s] Level 1:colcon.colcon_core.package_discovery:discover_packages(path) check parameters
[0.457s] Level 1:colcon.colcon_core.package_discovery:discover_packages(colcon_meta) discover
[0.457s] Level 1:colcon.colcon_core.package_discovery:discover_packages(recursive) discover
[0.457s] INFO:colcon.colcon_core.package_discovery:Crawling recursively for packages in '/home/asvaliveti/ros2_ws/merge_arrays'
[0.457s] Level 1:colcon.colcon_core.package_identification:_identify(.) by extensions ['ignore', 'ignore_ament_install']
[0.457s] Level 1:colcon.colcon_core.package_identification:_identify(.) by extension 'ignore'
[0.457s] Level 1:colcon.colcon_core.package_identification:_identify(.) by extension 'ignore_ament_install'
[0.457s] Level 1:colcon.colcon_core.package_identification:_identify(.) by extensions ['colcon_pkg']
[0.457s] Level 1:colcon.colcon_core.package_identification:_identify(.) by extension 'colcon_pkg'
[0.457s] Level 1:colcon.colcon_core.package_identification:_identify(.) by extensions ['colcon_meta']
[0.457s] Level 1:colcon.colcon_core.package_identification:_identify(.) by extension 'colcon_meta'
[0.457s] Level 1:colcon.colcon_core.package_identification:_identify(.) by extensions ['ros']
[0.457s] Level 1:colcon.colcon_core.package_identification:_identify(.) by extension 'ros'
[0.477s] DEBUG:colcon.colcon_core.package_identification:Package '.' with type 'ros.ament_python' and name 'merge_arrays'
[0.477s] Level 1:colcon.colcon_core.package_discovery:discover_packages(recursive) using defaults
[0.478s] Level 1:colcon.colcon_core.package_discovery:discover_packages(ignore) discover
[0.478s] Level 1:colcon.colcon_core.package_discovery:discover_packages(ignore) using defaults
[0.478s] Level 1:colcon.colcon_core.package_discovery:discover_packages(path) discover
[0.478s] Level 1:colcon.colcon_core.package_discovery:discover_packages(path) using defaults
[0.496s] Level 1:colcon.colcon_core.package_discovery:discover_packages(prefix_path) check parameters
[0.496s] Level 1:colcon.colcon_core.package_discovery:discover_packages(prefix_path) discover
[0.498s] DEBUG:colcon.colcon_installed_package_information.package_discovery:Found 1 installed packages in /home/asvaliveti/ros2_ws/merge_arrays/install
[0.499s] DEBUG:colcon.colcon_installed_package_information.package_discovery:Found 3 installed packages in /home/asvaliveti/ros2_ws/install
[0.500s] DEBUG:colcon.colcon_installed_package_information.package_discovery:Found 283 installed packages in /opt/ros/humble
[0.501s] Level 1:colcon.colcon_core.package_discovery:discover_packages(prefix_path) using defaults
[0.545s] Level 5:colcon.colcon_core.verb:set package 'merge_arrays' build argument 'cmake_args' from command line to 'None'
[0.545s] Level 5:colcon.colcon_core.verb:set package 'merge_arrays' build argument 'cmake_target' from command line to 'None'
[0.545s] Level 5:colcon.colcon_core.verb:set package 'merge_arrays' build argument 'cmake_target_skip_unavailable' from command line to 'False'
[0.545s] Level 5:colcon.colcon_core.verb:set package 'merge_arrays' build argument 'cmake_clean_cache' from command line to 'False'
[0.545s] Level 5:colcon.colcon_core.verb:set package 'merge_arrays' build argument 'cmake_clean_first' from command line to 'False'
[0.545s] Level 5:colcon.colcon_core.verb:set package 'merge_arrays' build argument 'cmake_force_configure' from command line to 'False'
[0.545s] Level 5:colcon.colcon_core.verb:set package 'merge_arrays' build argument 'ament_cmake_args' from command line to 'None'
[0.545s] Level 5:colcon.colcon_core.verb:set package 'merge_arrays' build argument 'catkin_cmake_args' from command line to 'None'
[0.545s] Level 5:colcon.colcon_core.verb:set package 'merge_arrays' build argument 'catkin_skip_building_tests' from command line to 'False'
[0.545s] DEBUG:colcon.colcon_core.verb:Building package 'merge_arrays' with the following arguments: {'ament_cmake_args': None, 'build_base': '/home/asvaliveti/ros2_ws/merge_arrays/build/merge_arrays', 'catkin_cmake_args': None, 'catkin_skip_building_tests': False, 'cmake_args': None, 'cmake_clean_cache': False, 'cmake_clean_first': False, 'cmake_force_configure': False, 'cmake_target': None, 'cmake_target_skip_unavailable': False, 'install_base': '/home/asvaliveti/ros2_ws/merge_arrays/install/merge_arrays', 'merge_install': False, 'path': '/home/asvaliveti/ros2_ws/merge_arrays', 'symlink_install': False, 'test_result_base': None}
[0.545s] INFO:colcon.colcon_core.executor:Executing jobs using 'parallel' executor
[0.549s] DEBUG:colcon.colcon_parallel_executor.executor.parallel:run_until_complete
[0.549s] INFO:colcon.colcon_ros.task.ament_python.build:Building ROS package in '/home/asvaliveti/ros2_ws/merge_arrays' with build type 'ament_python'
[0.549s] Level 1:colcon.colcon_core.shell:create_environment_hook('merge_arrays', 'ament_prefix_path')
[0.554s] INFO:colcon.colcon_core.plugin_system:Skipping extension 'colcon_core.shell.bat': Not used on non-Windows systems
[0.554s] INFO:colcon.colcon_core.shell:Creating environment hook '/home/asvaliveti/ros2_ws/merge_arrays/install/merge_arrays/share/merge_arrays/hook/ament_prefix_path.ps1'
[0.554s] INFO:colcon.colcon_core.shell:Creating environment descriptor '/home/asvaliveti/ros2_ws/merge_arrays/install/merge_arrays/share/merge_arrays/hook/ament_prefix_path.dsv'
[0.555s] INFO:colcon.colcon_core.shell:Creating environment hook '/home/asvaliveti/ros2_ws/merge_arrays/install/merge_arrays/share/merge_arrays/hook/ament_prefix_path.sh'
[0.556s] INFO:colcon.colcon_core.shell:Skip shell extension 'powershell' for command environment: Not usable outside of PowerShell
[0.556s] DEBUG:colcon.colcon_core.shell:Skip shell extension 'dsv' for command environment
[0.746s] INFO:colcon.colcon_core.task.python.build:Building Python package in '/home/asvaliveti/ros2_ws/merge_arrays'
[0.747s] INFO:colcon.colcon_core.shell:Skip shell extension 'powershell' for command environment: Not usable outside of PowerShell
[0.747s] DEBUG:colcon.colcon_core.shell:Skip shell extension 'dsv' for command environment
[1.006s] DEBUG:colcon.colcon_core.event_handler.log_command:Invoking command in '/home/asvaliveti/ros2_ws/merge_arrays': PYTHONPATH=/home/asvaliveti/ros2_ws/merge_arrays/install/merge_arrays/lib/python3.10/site-packages:${PYTHONPATH} /usr/bin/python3 setup.py egg_info --egg-base build/merge_arrays build --build-base /home/asvaliveti/ros2_ws/merge_arrays/build/merge_arrays/build install --prefix /home/asvaliveti/ros2_ws/merge_arrays/install/merge_arrays --record /home/asvaliveti/ros2_ws/merge_arrays/build/merge_arrays/install.log --single-version-externally-managed
[1.213s] DEBUG:colcon.colcon_core.event_handler.log_command:Invoked command in '/home/asvaliveti/ros2_ws/merge_arrays' returned '0': PYTHONPATH=/home/asvaliveti/ros2_ws/merge_arrays/install/merge_arrays/lib/python3.10/site-packages:${PYTHONPATH} /usr/bin/python3 setup.py egg_info --egg-base build/merge_arrays build --build-base /home/asvaliveti/ros2_ws/merge_arrays/build/merge_arrays/build install --prefix /home/asvaliveti/ros2_ws/merge_arrays/install/merge_arrays --record /home/asvaliveti/ros2_ws/merge_arrays/build/merge_arrays/install.log --single-version-externally-managed
[1.216s] Level 1:colcon.colcon_core.environment:checking '/home/asvaliveti/ros2_ws/merge_arrays/install/merge_arrays' for CMake module files
[1.217s] Level 1:colcon.colcon_core.environment:checking '/home/asvaliveti/ros2_ws/merge_arrays/install/merge_arrays' for CMake config files
[1.217s] Level 1:colcon.colcon_core.environment:checking '/home/asvaliveti/ros2_ws/merge_arrays/install/merge_arrays/lib'
[1.217s] Level 1:colcon.colcon_core.environment:checking '/home/asvaliveti/ros2_ws/merge_arrays/install/merge_arrays/bin'
[1.217s] Level 1:colcon.colcon_core.environment:checking '/home/asvaliveti/ros2_ws/merge_arrays/install/merge_arrays/lib/pkgconfig/merge_arrays.pc'
[1.217s] Level 1:colcon.colcon_core.environment:checking '/home/asvaliveti/ros2_ws/merge_arrays/install/merge_arrays/lib/python3.10/site-packages'
[1.218s] Level 1:colcon.colcon_core.shell:create_environment_hook('merge_arrays', 'pythonpath')
[1.218s] INFO:colcon.colcon_core.shell:Creating environment hook '/home/asvaliveti/ros2_ws/merge_arrays/install/merge_arrays/share/merge_arrays/hook/pythonpath.ps1'
[1.219s] INFO:colcon.colcon_core.shell:Creating environment descriptor '/home/asvaliveti/ros2_ws/merge_arrays/install/merge_arrays/share/merge_arrays/hook/pythonpath.dsv'
[1.219s] INFO:colcon.colcon_core.shell:Creating environment hook '/home/asvaliveti/ros2_ws/merge_arrays/install/merge_arrays/share/merge_arrays/hook/pythonpath.sh'
[1.219s] Level 1:colcon.colcon_core.environment:checking '/home/asvaliveti/ros2_ws/merge_arrays/install/merge_arrays/bin'
[1.219s] Level 1:colcon.colcon_core.environment:create_environment_scripts_only(merge_arrays)
[1.220s] INFO:colcon.colcon_core.shell:Creating package script '/home/asvaliveti/ros2_ws/merge_arrays/install/merge_arrays/share/merge_arrays/package.ps1'
[1.221s] INFO:colcon.colcon_core.shell:Creating package descriptor '/home/asvaliveti/ros2_ws/merge_arrays/install/merge_arrays/share/merge_arrays/package.dsv'
[1.221s] INFO:colcon.colcon_core.shell:Creating package script '/home/asvaliveti/ros2_ws/merge_arrays/install/merge_arrays/share/merge_arrays/package.sh'
[1.222s] INFO:colcon.colcon_core.shell:Creating package script '/home/asvaliveti/ros2_ws/merge_arrays/install/merge_arrays/share/merge_arrays/package.bash'
[1.222s] INFO:colcon.colcon_core.shell:Creating package script '/home/asvaliveti/ros2_ws/merge_arrays/install/merge_arrays/share/merge_arrays/package.zsh'
[1.223s] Level 1:colcon.colcon_core.environment:create_file_with_runtime_dependencies(/home/asvaliveti/ros2_ws/merge_arrays/install/merge_arrays/share/colcon-core/packages/merge_arrays)
[1.223s] DEBUG:colcon.colcon_parallel_executor.executor.parallel:closing loop
[1.223s] DEBUG:colcon.colcon_parallel_executor.executor.parallel:loop closed
[1.223s] DEBUG:colcon.colcon_parallel_executor.executor.parallel:run_until_complete finished with '0'
[1.223s] DEBUG:colcon.colcon_core.event_reactor:joining thread
[1.353s] INFO:colcon.colcon_core.plugin_system:Skipping extension 'colcon_notification.desktop_notification.notify_send': Could not find 'notify-send'
[1.354s] INFO:colcon.colcon_core.plugin_system:Skipping extension 'colcon_notification.desktop_notification.terminal_notifier': Not used on non-Darwin systems
[1.354s] INFO:colcon.colcon_core.plugin_system:Skipping extension 'colcon_notification.desktop_notification.win32': Not used on non-Windows systems
[1.354s] INFO:colcon.colcon_notification.desktop_notification:Sending desktop notification using 'notify2'
[1.359s] DEBUG:colcon.colcon_notification.desktop_notification.notify2:Failed to initialize notify2: org.freedesktop.DBus.Error.ServiceUnknown: The name org.freedesktop.Notifications was not provided by any .service files
[1.359s] DEBUG:colcon.colcon_core.event_reactor:joined thread
[1.361s] INFO:colcon.colcon_core.shell:Creating prefix script '/home/asvaliveti/ros2_ws/merge_arrays/install/local_setup.ps1'
[1.362s] INFO:colcon.colcon_core.shell:Creating prefix util module '/home/asvaliveti/ros2_ws/merge_arrays/install/_local_setup_util_ps1.py'
[1.363s] INFO:colcon.colcon_core.shell:Creating prefix chain script '/home/asvaliveti/ros2_ws/merge_arrays/install/setup.ps1'
[1.364s] INFO:colcon.colcon_core.shell:Creating prefix script '/home/asvaliveti/ros2_ws/merge_arrays/install/local_setup.sh'
[1.364s] INFO:colcon.colcon_core.shell:Creating prefix util module '/home/asvaliveti/ros2_ws/merge_arrays/install/_local_setup_util_sh.py'
[1.365s] INFO:colcon.colcon_core.shell:Creating prefix chain script '/home/asvaliveti/ros2_ws/merge_arrays/install/setup.sh'
[1.366s] INFO:colcon.colcon_core.shell:Creating prefix script '/home/asvaliveti/ros2_ws/merge_arrays/install/local_setup.bash'
[1.366s] INFO:colcon.colcon_core.shell:Creating prefix chain script '/home/asvaliveti/ros2_ws/merge_arrays/install/setup.bash'
[1.367s] INFO:colcon.colcon_core.shell:Creating prefix script '/home/asvaliveti/ros2_ws/merge_arrays/install/local_setup.zsh'
[1.367s] INFO:colcon.colcon_core.shell:Creating prefix chain script '/home/asvaliveti/ros2_ws/merge_arrays/install/setup.zsh'
